<?xml version="1.0" encoding="UTF-8"?>
<!-- Generated by org.testng.reporters.JUnitReportReporter -->
<testsuite hostname="DESKTOP-IFPAR84" failures="0" tests="1" name="Test.LoginPage" time="7.915" errors="0" timestamp="2024-09-30T12:52:23 IST" skipped="0">
  <testcase classname="Test.LoginPage" name="test1" time="7.915"/>
</testsuite> <!-- Test.LoginPage -->
