<?xml version="1.0" encoding="UTF-8"?>
<!-- Generated by org.testng.reporters.JUnitReportReporter -->
<testsuite hostname="DESKTOP-IFPAR84" failures="0" tests="1" name="Test.LoginPage" time="29.935" errors="0" timestamp="2024-07-31T16:20:48 IST" skipped="0">
  <testcase classname="Test.LoginPage" name="test1" time="29.935"/>
</testsuite> <!-- Test.LoginPage -->
