<?xml version="1.0" encoding="UTF-8"?>
<!-- Generated by org.testng.reporters.JUnitReportReporter -->
<testsuite hostname="DESKTOP-IFPAR84" failures="0" tests="1" name="Test.OrangeHRMTestCases" time="16.312" errors="0" timestamp="2024-11-11T18:19:17 IST" skipped="0">
  <testcase classname="Test.OrangeHRMTestCases" name="LoginLogoutTest" time="16.312"/>
</testsuite> <!-- Test.OrangeHRMTestCases -->
