<?xml version="1.0" encoding="UTF-8"?>
<!-- Generated by org.testng.reporters.JUnitReportReporter -->
<testsuite hostname="DESKTOP-IFPAR84" failures="0" tests="1" name="Test.OrangeHRMTestCases" time="18.331" errors="0" timestamp="2024-09-04T16:07:53 IST" skipped="0">
  <testcase classname="Test.OrangeHRMTestCases" name="LoginLogoutTest" time="18.331"/>
</testsuite> <!-- Test.OrangeHRMTestCases -->
